0 verbose cli C:\Program Files\nodejs\node.exe C:\Users\mdome\AppData\Roaming\npm\node_modules\npm\bin\npm-cli.js
1 info using npm@10.8.1
2 info using node@v20.13.1
3 silly config load:file:C:\Users\mdome\AppData\Roaming\npm\node_modules\npm\npmrc
4 silly config load:file:C:\Users\mdome\OneDrive\Desktop\ImprovedWebsite\my-app\.npmrc
5 silly config load:file:C:\Users\mdome\.npmrc
6 silly config load:file:C:\Users\mdome\AppData\Roaming\npm\etc\npmrc
7 verbose title npm ci
8 verbose argv "ci" "--cache" ".npm" "--prefer-offline"
9 verbose logfile logs-max:10 dir:C:\Users\mdome\OneDrive\Desktop\ImprovedWebsite\my-app\.npm\_logs\2024-06-07T22_12_32_826Z-
10 verbose logfile C:\Users\mdome\OneDrive\Desktop\ImprovedWebsite\my-app\.npm\_logs\2024-06-07T22_12_32_826Z-debug-0.log
11 silly packumentCache heap:4345298944 maxSize:1086324736 maxEntrySize:543162368
12 silly logfile done cleaning log files
13 silly idealTree buildDeps
14 http fetch GET 200 https://registry.npmjs.org/npm 793ms
15 verbose stack Error: ENOTEMPTY: directory not empty, rmdir 'C:\Users\mdome\OneDrive\Desktop\ImprovedWebsite\my-app\node_modules\.cache\babel-loader'
16 error code ENOTEMPTY
17 error syscall rmdir
18 error path C:\Users\mdome\OneDrive\Desktop\ImprovedWebsite\my-app\node_modules\.cache\babel-loader
19 error errno -4051
20 error ENOTEMPTY: directory not empty, rmdir 'C:\Users\mdome\OneDrive\Desktop\ImprovedWebsite\my-app\node_modules\.cache\babel-loader'
21 verbose cwd C:\Users\mdome\OneDrive\Desktop\ImprovedWebsite\my-app
22 verbose os Windows_NT 10.0.22631
23 verbose node v20.13.1
24 verbose npm  v10.8.1
25 verbose exit -4051
26 verbose code -4051
27 error A complete log of this run can be found in: C:\Users\mdome\OneDrive\Desktop\ImprovedWebsite\my-app\.npm\_logs\2024-06-07T22_12_32_826Z-debug-0.log
